2021-05-30T14:07:32.555+0300	INFO	service command start completed	{"source": "main"}
2021-05-30T14:07:32.574+0300	INFO	starting kubemq sources connectors version: v0.7.0	{"source": "main"}
2021-05-30T14:08:24.656+0300	INFO	kubemq sources connectors stopped	{"source": "main"}
2021-05-30T14:08:24.662+0300	INFO	service command stop completed	{"source": "main"}
2021-05-30T14:09:01.339+0300	INFO	service command uninstall completed	{"source": "main"}
2021-05-30T14:12:35.277+0300	ERROR	Failed to uninstall kubemq-sources: service KubeMQ-Sources is not installed	{"source": "main"}
2021-05-30T14:12:42.561+0300	INFO	service command install completed	{"source": "main"}
2021-05-30T14:12:48.262+0300	INFO	starting kubemq sources connectors as a service version: v0.7.0	{"source": "main"}
2021-05-30T14:12:48.277+0300	INFO	1 bindings loaded	{"source": "config"}
2021-05-30T14:12:48.279+0300	INFO	binding: source-1 target: initialized successfully	{"source": "source-1"}
2021-05-30T14:12:48.279+0300	INFO	binding: source-1 source initialized successfully	{"source": "source-1"}
2021-05-30T14:12:48.279+0300	INFO	binding: source-1, initialized successfully	{"source": "source-1"}
2021-05-30T14:12:48.279+0300	ERROR	failed to initialized binding, folder C:\e\demo\s3 path does not exist	{"source": "binding-service"}
2021-05-30T14:12:48.262+0300	INFO	service command start completed	{"source": "main"}
2021-05-30T14:12:49.289+0300	INFO	binding: source-1 target: initialized successfully	{"source": "source-1"}
2021-05-30T14:12:49.290+0300	INFO	binding: source-1 source initialized successfully	{"source": "source-1"}
2021-05-30T14:12:49.290+0300	INFO	binding: source-1, initialized successfully	{"source": "source-1"}
2021-05-30T14:12:49.290+0300	ERROR	failed to initialized binding: source-1, attempt: 1, error: folder C:\e\demo\s3 path does not exist	{"source": "binding-service"}
2021-05-30T14:12:50.304+0300	INFO	binding: source-1 target: initialized successfully	{"source": "source-1"}
2021-05-30T14:12:50.304+0300	INFO	binding: source-1 source initialized successfully	{"source": "source-1"}
2021-05-30T14:12:50.304+0300	INFO	binding: source-1, initialized successfully	{"source": "source-1"}
2021-05-30T14:12:50.305+0300	ERROR	failed to initialized binding: source-1, attempt: 2, error: folder C:\e\demo\s3 path does not exist	{"source": "binding-service"}
2021-05-30T14:12:51.316+0300	INFO	binding: source-1 target: initialized successfully	{"source": "source-1"}
2021-05-30T14:12:51.317+0300	INFO	binding: source-1 source initialized successfully	{"source": "source-1"}
2021-05-30T14:12:51.317+0300	INFO	binding: source-1, initialized successfully	{"source": "source-1"}
2021-05-30T14:12:51.318+0300	ERROR	failed to initialized binding: source-1, attempt: 3, error: folder C:\e\demo\s3 path does not exist	{"source": "binding-service"}
2021-05-30T14:12:52.331+0300	INFO	binding: source-1 target: initialized successfully	{"source": "source-1"}
2021-05-30T14:12:52.332+0300	INFO	binding: source-1 source initialized successfully	{"source": "source-1"}
2021-05-30T14:12:52.332+0300	INFO	binding: source-1, initialized successfully	{"source": "source-1"}
2021-05-30T14:12:52.333+0300	ERROR	failed to initialized binding: source-1, attempt: 4, error: folder C:\e\demo\s3 path does not exist	{"source": "binding-service"}
2021-05-30T14:12:53.346+0300	INFO	binding: source-1 target: initialized successfully	{"source": "source-1"}
2021-05-30T14:12:53.347+0300	INFO	binding: source-1 source initialized successfully	{"source": "source-1"}
2021-05-30T14:12:53.347+0300	INFO	binding: source-1, initialized successfully	{"source": "source-1"}
2021-05-30T14:12:53.347+0300	ERROR	failed to initialized binding: source-1, attempt: 5, error: folder C:\e\demo\s3 path does not exist	{"source": "binding-service"}
2021-05-30T14:12:54.363+0300	INFO	binding: source-1 target: initialized successfully	{"source": "source-1"}
2021-05-30T14:12:54.363+0300	INFO	binding: source-1 source initialized successfully	{"source": "source-1"}
2021-05-30T14:12:54.364+0300	INFO	binding: source-1, initialized successfully	{"source": "source-1"}
2021-05-30T14:12:54.364+0300	ERROR	failed to initialized binding: source-1, attempt: 6, error: folder C:\e\demo\s3 path does not exist	{"source": "binding-service"}
2021-05-30T14:12:55.376+0300	INFO	binding: source-1 target: initialized successfully	{"source": "source-1"}
2021-05-30T14:12:55.376+0300	INFO	binding: source-1 source initialized successfully	{"source": "source-1"}
2021-05-30T14:12:55.376+0300	INFO	binding: source-1, initialized successfully	{"source": "source-1"}
2021-05-30T14:12:55.376+0300	ERROR	failed to initialized binding: source-1, attempt: 7, error: folder C:\e\demo\s3 path does not exist	{"source": "binding-service"}
2021-05-30T14:12:56.389+0300	INFO	binding: source-1 target: initialized successfully	{"source": "source-1"}
2021-05-30T14:12:56.389+0300	INFO	binding: source-1 source initialized successfully	{"source": "source-1"}
2021-05-30T14:12:56.390+0300	INFO	binding: source-1, initialized successfully	{"source": "source-1"}
2021-05-30T14:12:56.390+0300	ERROR	failed to initialized binding: source-1, attempt: 8, error: folder C:\e\demo\s3 path does not exist	{"source": "binding-service"}
2021-05-30T14:12:57.405+0300	INFO	binding: source-1 target: initialized successfully	{"source": "source-1"}
2021-05-30T14:12:57.405+0300	INFO	binding: source-1 source initialized successfully	{"source": "source-1"}
2021-05-30T14:12:57.406+0300	INFO	binding: source-1, initialized successfully	{"source": "source-1"}
2021-05-30T14:12:57.406+0300	ERROR	failed to initialized binding: source-1, attempt: 9, error: folder C:\e\demo\s3 path does not exist	{"source": "binding-service"}
2021-05-30T14:12:58.406+0300	INFO	binding: source-1 target: initialized successfully	{"source": "source-1"}
2021-05-30T14:12:58.406+0300	INFO	binding: source-1 source initialized successfully	{"source": "source-1"}
2021-05-30T14:12:58.407+0300	INFO	binding: source-1, initialized successfully	{"source": "source-1"}
2021-05-30T14:12:58.407+0300	ERROR	failed to initialized binding: source-1, attempt: 10, error: folder C:\e\demo\s3 path does not exist	{"source": "binding-service"}
2021-05-30T14:12:59.419+0300	INFO	binding: source-1 target: initialized successfully	{"source": "source-1"}
2021-05-30T14:12:59.419+0300	INFO	binding: source-1 source initialized successfully	{"source": "source-1"}
2021-05-30T14:12:59.419+0300	INFO	binding: source-1, initialized successfully	{"source": "source-1"}
2021-05-30T14:12:59.419+0300	ERROR	failed to initialized binding: source-1, attempt: 11, error: folder C:\e\demo\s3 path does not exist	{"source": "binding-service"}
2021-05-30T14:13:00.433+0300	INFO	binding: source-1 target: initialized successfully	{"source": "source-1"}
2021-05-30T14:13:00.433+0300	INFO	binding: source-1 source initialized successfully	{"source": "source-1"}
2021-05-30T14:13:00.434+0300	INFO	binding: source-1, initialized successfully	{"source": "source-1"}
2021-05-30T14:13:00.434+0300	ERROR	failed to initialized binding: source-1, attempt: 12, error: folder C:\e\demo\s3 path does not exist	{"source": "binding-service"}
2021-05-30T14:13:01.445+0300	INFO	binding: source-1 target: initialized successfully	{"source": "source-1"}
2021-05-30T14:13:01.445+0300	INFO	binding: source-1 source initialized successfully	{"source": "source-1"}
2021-05-30T14:13:01.445+0300	INFO	binding: source-1, initialized successfully	{"source": "source-1"}
2021-05-30T14:13:01.445+0300	ERROR	failed to initialized binding: source-1, attempt: 13, error: folder C:\e\demo\s3 path does not exist	{"source": "binding-service"}
2021-05-30T14:13:02.461+0300	INFO	binding: source-1 target: initialized successfully	{"source": "source-1"}
2021-05-30T14:13:02.461+0300	INFO	binding: source-1 source initialized successfully	{"source": "source-1"}
2021-05-30T14:13:02.461+0300	INFO	binding: source-1, initialized successfully	{"source": "source-1"}
2021-05-30T14:13:02.461+0300	ERROR	failed to initialized binding: source-1, attempt: 14, error: folder C:\e\demo\s3 path does not exist	{"source": "binding-service"}
2021-05-30T14:13:03.463+0300	INFO	binding: source-1 target: initialized successfully	{"source": "source-1"}
2021-05-30T14:13:03.463+0300	INFO	binding: source-1 source initialized successfully	{"source": "source-1"}
2021-05-30T14:13:03.463+0300	INFO	binding: source-1, initialized successfully	{"source": "source-1"}
2021-05-30T14:13:03.463+0300	ERROR	failed to initialized binding: source-1, attempt: 15, error: folder C:\e\demo\s3 path does not exist	{"source": "binding-service"}
2021-05-30T14:13:04.464+0300	INFO	binding: source-1 target: initialized successfully	{"source": "source-1"}
2021-05-30T14:13:04.464+0300	INFO	binding: source-1 source initialized successfully	{"source": "source-1"}
2021-05-30T14:13:04.465+0300	INFO	binding: source-1, initialized successfully	{"source": "source-1"}
2021-05-30T14:13:04.465+0300	ERROR	failed to initialized binding: source-1, attempt: 16, error: folder C:\e\demo\s3 path does not exist	{"source": "binding-service"}
2021-05-30T14:13:05.479+0300	INFO	binding: source-1 target: initialized successfully	{"source": "source-1"}
2021-05-30T14:13:05.479+0300	INFO	binding: source-1 source initialized successfully	{"source": "source-1"}
2021-05-30T14:13:05.479+0300	INFO	binding: source-1, initialized successfully	{"source": "source-1"}
2021-05-30T14:13:05.480+0300	ERROR	failed to initialized binding: source-1, attempt: 17, error: folder C:\e\demo\s3 path does not exist	{"source": "binding-service"}
2021-05-30T14:13:06.493+0300	INFO	binding: source-1 target: initialized successfully	{"source": "source-1"}
2021-05-30T14:13:06.493+0300	INFO	binding: source-1 source initialized successfully	{"source": "source-1"}
2021-05-30T14:13:06.493+0300	INFO	binding: source-1, initialized successfully	{"source": "source-1"}
2021-05-30T14:13:06.494+0300	ERROR	failed to initialized binding: source-1, attempt: 18, error: folder C:\e\demo\s3 path does not exist	{"source": "binding-service"}
2021-05-30T14:13:07.502+0300	INFO	binding: source-1 target: initialized successfully	{"source": "source-1"}
2021-05-30T14:13:07.502+0300	INFO	binding: source-1 source initialized successfully	{"source": "source-1"}
2021-05-30T14:13:07.502+0300	INFO	binding: source-1, initialized successfully	{"source": "source-1"}
2021-05-30T14:13:07.502+0300	ERROR	failed to initialized binding: source-1, attempt: 19, error: folder C:\e\demo\s3 path does not exist	{"source": "binding-service"}
2021-05-30T14:13:08.512+0300	INFO	binding: source-1 target: initialized successfully	{"source": "source-1"}
2021-05-30T14:13:08.512+0300	INFO	binding: source-1 source initialized successfully	{"source": "source-1"}
2021-05-30T14:13:08.512+0300	INFO	binding: source-1, initialized successfully	{"source": "source-1"}
2021-05-30T14:13:08.513+0300	ERROR	failed to initialized binding: source-1, attempt: 20, error: folder C:\e\demo\s3 path does not exist	{"source": "binding-service"}
2021-05-30T14:13:09.527+0300	INFO	binding: source-1 target: initialized successfully	{"source": "source-1"}
2021-05-30T14:13:09.527+0300	INFO	binding: source-1 source initialized successfully	{"source": "source-1"}
2021-05-30T14:13:09.528+0300	INFO	binding: source-1, initialized successfully	{"source": "source-1"}
2021-05-30T14:13:09.528+0300	ERROR	failed to initialized binding: source-1, attempt: 21, error: folder C:\e\demo\s3 path does not exist	{"source": "binding-service"}
2021-05-30T14:13:10.536+0300	INFO	binding: source-1 target: initialized successfully	{"source": "source-1"}
2021-05-30T14:13:10.536+0300	INFO	binding: source-1 source initialized successfully	{"source": "source-1"}
2021-05-30T14:13:10.537+0300	INFO	binding: source-1, initialized successfully	{"source": "source-1"}
2021-05-30T14:13:10.537+0300	ERROR	failed to initialized binding: source-1, attempt: 22, error: folder C:\e\demo\s3 path does not exist	{"source": "binding-service"}
2021-05-30T14:13:11.549+0300	INFO	binding: source-1 target: initialized successfully	{"source": "source-1"}
2021-05-30T14:13:11.549+0300	INFO	binding: source-1 source initialized successfully	{"source": "source-1"}
2021-05-30T14:13:11.549+0300	INFO	binding: source-1, initialized successfully	{"source": "source-1"}
2021-05-30T14:13:11.549+0300	ERROR	failed to initialized binding: source-1, attempt: 23, error: folder C:\e\demo\s3 path does not exist	{"source": "binding-service"}
2021-05-30T14:13:12.559+0300	INFO	binding: source-1 target: initialized successfully	{"source": "source-1"}
2021-05-30T14:13:12.560+0300	INFO	binding: source-1 source initialized successfully	{"source": "source-1"}
2021-05-30T14:13:12.560+0300	INFO	binding: source-1, initialized successfully	{"source": "source-1"}
2021-05-30T14:13:12.560+0300	ERROR	failed to initialized binding: source-1, attempt: 24, error: folder C:\e\demo\s3 path does not exist	{"source": "binding-service"}
2021-05-30T14:13:13.571+0300	INFO	binding: source-1 target: initialized successfully	{"source": "source-1"}
2021-05-30T14:13:13.571+0300	INFO	binding: source-1 source initialized successfully	{"source": "source-1"}
2021-05-30T14:13:13.571+0300	INFO	binding: source-1, initialized successfully	{"source": "source-1"}
2021-05-30T14:13:13.571+0300	ERROR	failed to initialized binding: source-1, attempt: 25, error: folder C:\e\demo\s3 path does not exist	{"source": "binding-service"}
2021-05-30T14:13:14.572+0300	INFO	binding: source-1 target: initialized successfully	{"source": "source-1"}
2021-05-30T14:13:14.572+0300	INFO	binding: source-1 source initialized successfully	{"source": "source-1"}
2021-05-30T14:13:14.572+0300	INFO	binding: source-1, initialized successfully	{"source": "source-1"}
2021-05-30T14:13:14.572+0300	ERROR	failed to initialized binding: source-1, attempt: 26, error: folder C:\e\demo\s3 path does not exist	{"source": "binding-service"}
2021-05-30T14:13:15.586+0300	INFO	binding: source-1 target: initialized successfully	{"source": "source-1"}
2021-05-30T14:13:15.586+0300	INFO	binding: source-1 source initialized successfully	{"source": "source-1"}
2021-05-30T14:13:15.586+0300	INFO	binding: source-1, initialized successfully	{"source": "source-1"}
2021-05-30T14:13:15.587+0300	ERROR	failed to initialized binding: source-1, attempt: 27, error: folder C:\e\demo\s3 path does not exist	{"source": "binding-service"}
2021-05-30T14:13:15.956+0300	INFO	1 bindings loaded	{"source": "config"}
2021-05-30T14:13:15.956+0300	INFO	config file changed, reloading...	{"source": "config"}
2021-05-30T14:13:15.957+0300	INFO	binding: source-1 target: initialized successfully	{"source": "source-1"}
2021-05-30T14:13:15.959+0300	INFO	binding: source-1 source initialized successfully	{"source": "source-1"}
2021-05-30T14:13:15.959+0300	INFO	1 bindings loaded	{"source": "config"}
2021-05-30T14:13:15.960+0300	INFO	binding: source-1, initialized successfully	{"source": "source-1"}
2021-05-30T14:13:15.960+0300	INFO	binding: source-1, started successfully	{"source": "source-1"}
2021-05-30T14:13:31.062+0300	INFO	sending file file: e:\demo\s3\kubemq-sources.log, size: 15046 bytes started 	{"source": "source-1"}
2021-05-30T14:13:31.063+0300	ERROR	retry 0 failed, error: rpc error: code = Unavailable desc = connection error: desc = "transport: Error while dialing dial tcp [::1]:50000: connectex: No connection could be made because the target machine actively refused it."	{"source": "source-1"}
2021-05-30T14:13:31.063+0300	ERROR	error during sending file kubemq-sources.log, All attempts fail:
#1: rpc error: code = Unavailable desc = connection error: desc = "transport: Error while dialing dial tcp [::1]:50000: connectex: No connection could be made because the target machine actively refused it."	{"source": "source-1"}
2021-05-30T14:13:32.066+0300	INFO	sending file file: e:\demo\s3\kubemq-sources.log, size: 15046 bytes started 	{"source": "source-1"}
2021-05-30T14:13:32.067+0300	ERROR	retry 0 failed, error: rpc error: code = Unavailable desc = connection error: desc = "transport: Error while dialing dial tcp [::1]:50000: connectex: No connection could be made because the target machine actively refused it."	{"source": "source-1"}
2021-05-30T14:13:32.067+0300	ERROR	error during sending file kubemq-sources.log, All attempts fail:
#1: rpc error: code = Unavailable desc = connection error: desc = "transport: Error while dialing dial tcp [::1]:50000: connectex: No connection could be made because the target machine actively refused it."	{"source": "source-1"}
2021-05-30T14:13:33.079+0300	INFO	sending file file: e:\demo\s3\kubemq-sources.log, size: 15046 bytes started 	{"source": "source-1"}
2021-05-30T14:13:33.080+0300	ERROR	retry 0 failed, error: rpc error: code = Unavailable desc = connection error: desc = "transport: Error while dialing dial tcp [::1]:50000: connectex: No connection could be made because the target machine actively refused it."	{"source": "source-1"}
2021-05-30T14:13:33.080+0300	ERROR	error during sending file kubemq-sources.log, All attempts fail:
#1: rpc error: code = Unavailable desc = connection error: desc = "transport: Error while dialing dial tcp [::1]:50000: connectex: No connection could be made because the target machine actively refused it."	{"source": "source-1"}
2021-05-30T14:13:34.080+0300	INFO	sending file file: e:\demo\s3\kubemq-sources.log, size: 15046 bytes started 	{"source": "source-1"}
2021-05-30T14:13:34.080+0300	ERROR	retry 0 failed, error: rpc error: code = Unavailable desc = connection error: desc = "transport: Error while dialing dial tcp [::1]:50000: connectex: No connection could be made because the target machine actively refused it."	{"source": "source-1"}
2021-05-30T14:13:34.080+0300	ERROR	error during sending file kubemq-sources.log, All attempts fail:
#1: rpc error: code = Unavailable desc = connection error: desc = "transport: Error while dialing dial tcp [::1]:50000: connectex: No connection could be made because the target machine actively refused it."	{"source": "source-1"}
2021-05-30T14:13:35.082+0300	INFO	sending file file: e:\demo\s3\kubemq-sources.log, size: 15046 bytes started 	{"source": "source-1"}
2021-05-30T14:13:36.824+0300	ERROR	retry 0 failed, error: rpc error: code = Unavailable desc = connection error: desc = "transport: Error while dialing dial tcp [::1]:50000: connectex: No connection could be made because the target machine actively refused it."	{"source": "source-1"}
2021-05-30T14:13:36.825+0300	ERROR	error during sending file kubemq-sources.log, All attempts fail:
#1: rpc error: code = Unavailable desc = connection error: desc = "transport: Error while dialing dial tcp [::1]:50000: connectex: No connection could be made because the target machine actively refused it."	{"source": "source-1"}
2021-05-30T14:13:37.104+0300	INFO	sending file file: e:\demo\s3\kubemq-sources.log, size: 15046 bytes started 	{"source": "source-1"}
2021-05-30T14:13:37.105+0300	ERROR	retry 0 failed, error: rpc error: code = Unavailable desc = connection error: desc = "transport: Error while dialing dial tcp [::1]:50000: connectex: No connection could be made because the target machine actively refused it."	{"source": "source-1"}
2021-05-30T14:13:37.105+0300	ERROR	error during sending file kubemq-sources.log, All attempts fail:
#1: rpc error: code = Unavailable desc = connection error: desc = "transport: Error while dialing dial tcp [::1]:50000: connectex: No connection could be made because the target machine actively refused it."	{"source": "source-1"}
2021-05-30T14:13:38.119+0300	INFO	sending file file: e:\demo\s3\kubemq-sources.log, size: 15046 bytes started 	{"source": "source-1"}
2021-05-30T14:13:38.119+0300	ERROR	retry 0 failed, error: rpc error: code = Unavailable desc = connection error: desc = "transport: Error while dialing dial tcp [::1]:50000: connectex: No connection could be made because the target machine actively refused it."	{"source": "source-1"}
2021-05-30T14:13:38.119+0300	ERROR	error during sending file kubemq-sources.log, All attempts fail:
#1: rpc error: code = Unavailable desc = connection error: desc = "transport: Error while dialing dial tcp [::1]:50000: connectex: No connection could be made because the target machine actively refused it."	{"source": "source-1"}
2021-05-30T14:13:39.119+0300	INFO	sending file file: e:\demo\s3\kubemq-sources.log, size: 15046 bytes started 	{"source": "source-1"}
2021-05-30T14:13:39.120+0300	ERROR	retry 0 failed, error: rpc error: code = Unavailable desc = connection error: desc = "transport: Error while dialing dial tcp [::1]:50000: connectex: No connection could be made because the target machine actively refused it."	{"source": "source-1"}
2021-05-30T14:13:39.120+0300	ERROR	error during sending file kubemq-sources.log, All attempts fail:
#1: rpc error: code = Unavailable desc = connection error: desc = "transport: Error while dialing dial tcp [::1]:50000: connectex: No connection could be made because the target machine actively refused it."	{"source": "source-1"}
2021-05-30T14:13:40.126+0300	INFO	sending file file: e:\demo\s3\kubemq-sources.log, size: 15046 bytes started 	{"source": "source-1"}
2021-05-30T14:13:40.126+0300	ERROR	retry 0 failed, error: rpc error: code = Unavailable desc = connection error: desc = "transport: Error while dialing dial tcp [::1]:50000: connectex: No connection could be made because the target machine actively refused it."	{"source": "source-1"}
2021-05-30T14:13:40.126+0300	ERROR	error during sending file kubemq-sources.log, All attempts fail:
#1: rpc error: code = Unavailable desc = connection error: desc = "transport: Error while dialing dial tcp [::1]:50000: connectex: No connection could be made because the target machine actively refused it."	{"source": "source-1"}
2021-05-30T14:13:41.134+0300	INFO	sending file file: e:\demo\s3\kubemq-sources.log, size: 15046 bytes started 	{"source": "source-1"}
2021-05-30T14:13:41.135+0300	ERROR	retry 0 failed, error: rpc error: code = Unavailable desc = connection error: desc = "transport: Error while dialing dial tcp [::1]:50000: connectex: No connection could be made because the target machine actively refused it."	{"source": "source-1"}
2021-05-30T14:13:41.135+0300	ERROR	error during sending file kubemq-sources.log, All attempts fail:
#1: rpc error: code = Unavailable desc = connection error: desc = "transport: Error while dialing dial tcp [::1]:50000: connectex: No connection could be made because the target machine actively refused it."	{"source": "source-1"}
2021-05-30T14:13:42.136+0300	INFO	sending file file: e:\demo\s3\kubemq-sources.log, size: 15046 bytes started 	{"source": "source-1"}
2021-05-30T14:13:42.136+0300	ERROR	retry 0 failed, error: rpc error: code = Unavailable desc = connection error: desc = "transport: Error while dialing dial tcp [::1]:50000: connectex: No connection could be made because the target machine actively refused it."	{"source": "source-1"}
2021-05-30T14:13:42.137+0300	ERROR	error during sending file kubemq-sources.log, All attempts fail:
#1: rpc error: code = Unavailable desc = connection error: desc = "transport: Error while dialing dial tcp [::1]:50000: connectex: No connection could be made because the target machine actively refused it."	{"source": "source-1"}
2021-05-30T14:13:43.150+0300	INFO	sending file file: e:\demo\s3\kubemq-sources.log, size: 15046 bytes started 	{"source": "source-1"}
2021-05-30T14:13:45.153+0300	ERROR	retry 0 failed, error: rpc error: code = Unavailable desc = connection error: desc = "transport: Error while dialing dial tcp [::1]:50000: connectex: No connection could be made because the target machine actively refused it."	{"source": "source-1"}
2021-05-30T14:13:45.153+0300	ERROR	error during sending file kubemq-sources.log, All attempts fail:
#1: rpc error: code = Unavailable desc = connection error: desc = "transport: Error while dialing dial tcp [::1]:50000: connectex: No connection could be made because the target machine actively refused it."	{"source": "source-1"}
2021-05-30T14:13:46.154+0300	INFO	sending file file: e:\demo\s3\kubemq-sources.log, size: 15046 bytes started 	{"source": "source-1"}
2021-05-30T14:13:46.154+0300	ERROR	retry 0 failed, error: rpc error: code = Unavailable desc = connection error: desc = "transport: Error while dialing dial tcp [::1]:50000: connectex: No connection could be made because the target machine actively refused it."	{"source": "source-1"}
2021-05-30T14:13:46.154+0300	ERROR	error during sending file kubemq-sources.log, All attempts fail:
#1: rpc error: code = Unavailable desc = connection error: desc = "transport: Error while dialing dial tcp [::1]:50000: connectex: No connection could be made because the target machine actively refused it."	{"source": "source-1"}
2021-05-30T14:13:47.157+0300	INFO	sending file file: e:\demo\s3\kubemq-sources.log, size: 15046 bytes started 	{"source": "source-1"}
2021-05-30T14:13:47.158+0300	ERROR	retry 0 failed, error: rpc error: code = Unavailable desc = connection error: desc = "transport: Error while dialing dial tcp [::1]:50000: connectex: No connection could be made because the target machine actively refused it."	{"source": "source-1"}
2021-05-30T14:13:47.158+0300	ERROR	error during sending file kubemq-sources.log, All attempts fail:
#1: rpc error: code = Unavailable desc = connection error: desc = "transport: Error while dialing dial tcp [::1]:50000: connectex: No connection could be made because the target machine actively refused it."	{"source": "source-1"}
2021-05-30T14:13:48.163+0300	INFO	sending file file: e:\demo\s3\kubemq-sources.log, size: 15046 bytes started 	{"source": "source-1"}
2021-05-30T14:13:48.163+0300	ERROR	retry 0 failed, error: rpc error: code = Unavailable desc = connection error: desc = "transport: Error while dialing dial tcp [::1]:50000: connectex: No connection could be made because the target machine actively refused it."	{"source": "source-1"}
2021-05-30T14:13:48.163+0300	ERROR	error during sending file kubemq-sources.log, All attempts fail:
#1: rpc error: code = Unavailable desc = connection error: desc = "transport: Error while dialing dial tcp [::1]:50000: connectex: No connection could be made because the target machine actively refused it."	{"source": "source-1"}
2021-05-30T14:13:49.178+0300	INFO	sending file file: e:\demo\s3\kubemq-sources.log, size: 15046 bytes started 	{"source": "source-1"}
2021-05-30T14:13:49.178+0300	ERROR	retry 0 failed, error: rpc error: code = Unavailable desc = connection error: desc = "transport: Error while dialing dial tcp [::1]:50000: connectex: No connection could be made because the target machine actively refused it."	{"source": "source-1"}
2021-05-30T14:13:49.178+0300	ERROR	error during sending file kubemq-sources.log, All attempts fail:
#1: rpc error: code = Unavailable desc = connection error: desc = "transport: Error while dialing dial tcp [::1]:50000: connectex: No connection could be made because the target machine actively refused it."	{"source": "source-1"}
2021-05-30T14:13:50.191+0300	INFO	sending file file: e:\demo\s3\kubemq-sources.log, size: 15046 bytes started 	{"source": "source-1"}
2021-05-30T14:13:50.191+0300	ERROR	retry 0 failed, error: rpc error: code = Unavailable desc = connection error: desc = "transport: Error while dialing dial tcp [::1]:50000: connectex: No connection could be made because the target machine actively refused it."	{"source": "source-1"}
2021-05-30T14:13:50.191+0300	ERROR	error during sending file kubemq-sources.log, All attempts fail:
#1: rpc error: code = Unavailable desc = connection error: desc = "transport: Error while dialing dial tcp [::1]:50000: connectex: No connection could be made because the target machine actively refused it."	{"source": "source-1"}
2021-05-30T14:13:51.191+0300	INFO	sending file file: e:\demo\s3\kubemq-sources.log, size: 15046 bytes started 	{"source": "source-1"}
2021-05-30T14:13:51.191+0300	ERROR	retry 0 failed, error: rpc error: code = Unavailable desc = connection error: desc = "transport: Error while dialing dial tcp [::1]:50000: connectex: No connection could be made because the target machine actively refused it."	{"source": "source-1"}
2021-05-30T14:13:51.191+0300	ERROR	error during sending file kubemq-sources.log, All attempts fail:
#1: rpc error: code = Unavailable desc = connection error: desc = "transport: Error while dialing dial tcp [::1]:50000: connectex: No connection could be made because the target machine actively refused it."	{"source": "source-1"}
2021-05-30T14:13:52.203+0300	INFO	sending file file: e:\demo\s3\kubemq-sources.log, size: 15046 bytes started 	{"source": "source-1"}
2021-05-30T14:13:52.203+0300	ERROR	retry 0 failed, error: rpc error: code = Unavailable desc = connection error: desc = "transport: Error while dialing dial tcp [::1]:50000: connectex: No connection could be made because the target machine actively refused it."	{"source": "source-1"}
2021-05-30T14:13:52.203+0300	ERROR	error during sending file kubemq-sources.log, All attempts fail:
#1: rpc error: code = Unavailable desc = connection error: desc = "transport: Error while dialing dial tcp [::1]:50000: connectex: No connection could be made because the target machine actively refused it."	{"source": "source-1"}
2021-05-30T14:13:53.216+0300	INFO	sending file file: e:\demo\s3\kubemq-sources.log, size: 15046 bytes started 	{"source": "source-1"}
2021-05-30T14:13:53.217+0300	ERROR	retry 0 failed, error: rpc error: code = Unavailable desc = connection error: desc = "transport: Error while dialing dial tcp [::1]:50000: connectex: No connection could be made because the target machine actively refused it."	{"source": "source-1"}
2021-05-30T14:13:53.217+0300	ERROR	error during sending file kubemq-sources.log, All attempts fail:
#1: rpc error: code = Unavailable desc = connection error: desc = "transport: Error while dialing dial tcp [::1]:50000: connectex: No connection could be made because the target machine actively refused it."	{"source": "source-1"}
2021-05-30T14:13:54.232+0300	INFO	sending file file: e:\demo\s3\kubemq-sources.log, size: 15046 bytes started 	{"source": "source-1"}
2021-05-30T14:13:54.233+0300	ERROR	retry 0 failed, error: rpc error: code = Unavailable desc = connection error: desc = "transport: Error while dialing dial tcp [::1]:50000: connectex: No connection could be made because the target machine actively refused it."	{"source": "source-1"}
2021-05-30T14:13:54.233+0300	ERROR	error during sending file kubemq-sources.log, All attempts fail:
#1: rpc error: code = Unavailable desc = connection error: desc = "transport: Error while dialing dial tcp [::1]:50000: connectex: No connection could be made because the target machine actively refused it."	{"source": "source-1"}
2021-05-30T14:13:55.244+0300	INFO	sending file file: e:\demo\s3\kubemq-sources.log, size: 15046 bytes started 	{"source": "source-1"}
2021-05-30T14:13:57.537+0300	ERROR	retry 0 failed, error: rpc error: code = Unavailable desc = connection error: desc = "transport: Error while dialing dial tcp [::1]:50000: connectex: No connection could be made because the target machine actively refused it."	{"source": "source-1"}
2021-05-30T14:13:57.537+0300	ERROR	error during sending file kubemq-sources.log, All attempts fail:
#1: rpc error: code = Unavailable desc = connection error: desc = "transport: Error while dialing dial tcp [::1]:50000: connectex: No connection could be made because the target machine actively refused it."	{"source": "source-1"}
2021-05-30T14:13:58.274+0300	INFO	sending file file: e:\demo\s3\kubemq-sources.log, size: 15046 bytes started 	{"source": "source-1"}
2021-05-30T14:13:58.274+0300	ERROR	retry 0 failed, error: rpc error: code = Unavailable desc = connection error: desc = "transport: Error while dialing dial tcp [::1]:50000: connectex: No connection could be made because the target machine actively refused it."	{"source": "source-1"}
2021-05-30T14:13:58.274+0300	ERROR	error during sending file kubemq-sources.log, All attempts fail:
#1: rpc error: code = Unavailable desc = connection error: desc = "transport: Error while dialing dial tcp [::1]:50000: connectex: No connection could be made because the target machine actively refused it."	{"source": "source-1"}
2021-05-30T14:13:59.289+0300	INFO	sending file file: e:\demo\s3\kubemq-sources.log, size: 15046 bytes started 	{"source": "source-1"}
2021-05-30T14:13:59.289+0300	ERROR	retry 0 failed, error: rpc error: code = Unavailable desc = connection error: desc = "transport: Error while dialing dial tcp [::1]:50000: connectex: No connection could be made because the target machine actively refused it."	{"source": "source-1"}
2021-05-30T14:13:59.289+0300	ERROR	error during sending file kubemq-sources.log, All attempts fail:
#1: rpc error: code = Unavailable desc = connection error: desc = "transport: Error while dialing dial tcp [::1]:50000: connectex: No connection could be made because the target machine actively refused it."	{"source": "source-1"}
2021-05-30T14:14:00.291+0300	INFO	sending file file: e:\demo\s3\kubemq-sources.log, size: 15046 bytes started 	{"source": "source-1"}
2021-05-30T14:14:00.291+0300	ERROR	retry 0 failed, error: rpc error: code = Unavailable desc = connection error: desc = "transport: Error while dialing dial tcp [::1]:50000: connectex: No connection could be made because the target machine actively refused it."	{"source": "source-1"}
2021-05-30T14:14:00.291+0300	ERROR	error during sending file kubemq-sources.log, All attempts fail:
#1: rpc error: code = Unavailable desc = connection error: desc = "transport: Error while dialing dial tcp [::1]:50000: connectex: No connection could be made because the target machine actively refused it."	{"source": "source-1"}
2021-05-30T14:14:01.298+0300	INFO	sending file file: e:\demo\s3\kubemq-sources.log, size: 15046 bytes started 	{"source": "source-1"}
2021-05-30T14:14:01.298+0300	ERROR	retry 0 failed, error: rpc error: code = Unavailable desc = connection error: desc = "transport: Error while dialing dial tcp [::1]:50000: connectex: No connection could be made because the target machine actively refused it."	{"source": "source-1"}
2021-05-30T14:14:01.298+0300	ERROR	error during sending file kubemq-sources.log, All attempts fail:
#1: rpc error: code = Unavailable desc = connection error: desc = "transport: Error while dialing dial tcp [::1]:50000: connectex: No connection could be made because the target machine actively refused it."	{"source": "source-1"}
2021-05-30T14:14:02.300+0300	INFO	sending file file: e:\demo\s3\kubemq-sources.log, size: 15046 bytes started 	{"source": "source-1"}
2021-05-30T14:14:02.301+0300	ERROR	retry 0 failed, error: rpc error: code = Unavailable desc = connection error: desc = "transport: Error while dialing dial tcp [::1]:50000: connectex: No connection could be made because the target machine actively refused it."	{"source": "source-1"}
2021-05-30T14:14:02.301+0300	ERROR	error during sending file kubemq-sources.log, All attempts fail:
#1: rpc error: code = Unavailable desc = connection error: desc = "transport: Error while dialing dial tcp [::1]:50000: connectex: No connection could be made because the target machine actively refused it."	{"source": "source-1"}
2021-05-30T14:14:03.304+0300	INFO	sending file file: e:\demo\s3\kubemq-sources.log, size: 15046 bytes started 	{"source": "source-1"}
2021-05-30T14:14:03.304+0300	ERROR	retry 0 failed, error: rpc error: code = Unavailable desc = connection error: desc = "transport: Error while dialing dial tcp [::1]:50000: connectex: No connection could be made because the target machine actively refused it."	{"source": "source-1"}
2021-05-30T14:14:03.305+0300	ERROR	error during sending file kubemq-sources.log, All attempts fail:
#1: rpc error: code = Unavailable desc = connection error: desc = "transport: Error while dialing dial tcp [::1]:50000: connectex: No connection could be made because the target machine actively refused it."	{"source": "source-1"}
2021-05-30T14:14:04.310+0300	INFO	sending file file: e:\demo\s3\kubemq-sources.log, size: 15046 bytes started 	{"source": "source-1"}
2021-05-30T14:14:04.310+0300	ERROR	retry 0 failed, error: rpc error: code = Unavailable desc = connection error: desc = "transport: Error while dialing dial tcp [::1]:50000: connectex: No connection could be made because the target machine actively refused it."	{"source": "source-1"}
2021-05-30T14:14:04.310+0300	ERROR	error during sending file kubemq-sources.log, All attempts fail:
#1: rpc error: code = Unavailable desc = connection error: desc = "transport: Error while dialing dial tcp [::1]:50000: connectex: No connection could be made because the target machine actively refused it."	{"source": "source-1"}
2021-05-30T14:14:05.325+0300	INFO	sending file file: e:\demo\s3\kubemq-sources.log, size: 15046 bytes started 	{"source": "source-1"}
2021-05-30T14:14:05.326+0300	ERROR	retry 0 failed, error: rpc error: code = Unavailable desc = connection error: desc = "transport: Error while dialing dial tcp [::1]:50000: connectex: No connection could be made because the target machine actively refused it."	{"source": "source-1"}
2021-05-30T14:14:05.326+0300	ERROR	error during sending file kubemq-sources.log, All attempts fail:
#1: rpc error: code = Unavailable desc = connection error: desc = "transport: Error while dialing dial tcp [::1]:50000: connectex: No connection could be made because the target machine actively refused it."	{"source": "source-1"}
2021-05-30T14:14:06.329+0300	INFO	sending file file: e:\demo\s3\kubemq-sources.log, size: 15046 bytes started 	{"source": "source-1"}
2021-05-30T14:14:06.329+0300	ERROR	retry 0 failed, error: rpc error: code = Unavailable desc = connection error: desc = "transport: Error while dialing dial tcp [::1]:50000: connectex: No connection could be made because the target machine actively refused it."	{"source": "source-1"}
2021-05-30T14:14:06.329+0300	ERROR	error during sending file kubemq-sources.log, All attempts fail:
#1: rpc error: code = Unavailable desc = connection error: desc = "transport: Error while dialing dial tcp [::1]:50000: connectex: No connection could be made because the target machine actively refused it."	{"source": "source-1"}
2021-05-30T14:14:07.341+0300	INFO	sending file file: e:\demo\s3\kubemq-sources.log, size: 15046 bytes started 	{"source": "source-1"}
2021-05-30T14:14:07.341+0300	ERROR	retry 0 failed, error: rpc error: code = Unavailable desc = connection error: desc = "transport: Error while dialing dial tcp [::1]:50000: connectex: No connection could be made because the target machine actively refused it."	{"source": "source-1"}
2021-05-30T14:14:07.342+0300	ERROR	error during sending file kubemq-sources.log, All attempts fail:
#1: rpc error: code = Unavailable desc = connection error: desc = "transport: Error while dialing dial tcp [::1]:50000: connectex: No connection could be made because the target machine actively refused it."	{"source": "source-1"}
2021-05-30T14:14:08.347+0300	INFO	sending file file: e:\demo\s3\kubemq-sources.log, size: 15046 bytes started 	{"source": "source-1"}
2021-05-30T14:14:08.347+0300	ERROR	retry 0 failed, error: rpc error: code = Unavailable desc = connection error: desc = "transport: Error while dialing dial tcp [::1]:50000: connectex: No connection could be made because the target machine actively refused it."	{"source": "source-1"}
2021-05-30T14:14:08.347+0300	ERROR	error during sending file kubemq-sources.log, All attempts fail:
#1: rpc error: code = Unavailable desc = connection error: desc = "transport: Error while dialing dial tcp [::1]:50000: connectex: No connection could be made because the target machine actively refused it."	{"source": "source-1"}
2021-05-30T14:14:09.359+0300	INFO	sending file file: e:\demo\s3\kubemq-sources.log, size: 15046 bytes started 	{"source": "source-1"}
2021-05-30T14:14:09.359+0300	ERROR	retry 0 failed, error: rpc error: code = Unavailable desc = connection error: desc = "transport: Error while dialing dial tcp [::1]:50000: connectex: No connection could be made because the target machine actively refused it."	{"source": "source-1"}
2021-05-30T14:14:09.359+0300	ERROR	error during sending file kubemq-sources.log, All attempts fail:
#1: rpc error: code = Unavailable desc = connection error: desc = "transport: Error while dialing dial tcp [::1]:50000: connectex: No connection could be made because the target machine actively refused it."	{"source": "source-1"}
2021-05-30T14:14:10.362+0300	INFO	sending file file: e:\demo\s3\kubemq-sources.log, size: 15046 bytes started 	{"source": "source-1"}
2021-05-30T14:14:10.362+0300	ERROR	retry 0 failed, error: rpc error: code = Unavailable desc = connection error: desc = "transport: Error while dialing dial tcp [::1]:50000: connectex: No connection could be made because the target machine actively refused it."	{"source": "source-1"}
2021-05-30T14:14:10.362+0300	ERROR	error during sending file kubemq-sources.log, All attempts fail:
#1: rpc error: code = Unavailable desc = connection error: desc = "transport: Error while dialing dial tcp [::1]:50000: connectex: No connection could be made because the target machine actively refused it."	{"source": "source-1"}
2021-05-30T14:14:11.362+0300	ERROR	error during creating file requests e:\demo\s3\kubemq-sources.log, open e:\demo\s3\kubemq-sources.log: The system cannot find the file specified.	{"source": "source-1"}
2021-05-30T14:14:12.367+0300	ERROR	error during creating file requests e:\demo\s3\kubemq-sources.log, open e:\demo\s3\kubemq-sources.log: The system cannot find the file specified.	{"source": "source-1"}
2021-05-30T14:14:13.378+0300	ERROR	error during creating file requests e:\demo\s3\kubemq-sources.log, open e:\demo\s3\kubemq-sources.log: The system cannot find the file specified.	{"source": "source-1"}
2021-05-30T14:14:14.391+0300	ERROR	error during creating file requests e:\demo\s3\kubemq-sources.log, open e:\demo\s3\kubemq-sources.log: The system cannot find the file specified.	{"source": "source-1"}
2021-05-30T14:14:15.403+0300	ERROR	error during creating file requests e:\demo\s3\kubemq-sources.log, open e:\demo\s3\kubemq-sources.log: The system cannot find the file specified.	{"source": "source-1"}
2021-05-30T14:14:16.407+0300	ERROR	error during creating file requests e:\demo\s3\kubemq-sources.log, open e:\demo\s3\kubemq-sources.log: The system cannot find the file specified.	{"source": "source-1"}
2021-05-30T14:14:17.409+0300	ERROR	error during creating file requests e:\demo\s3\kubemq-sources.log, open e:\demo\s3\kubemq-sources.log: The system cannot find the file specified.	{"source": "source-1"}
2021-05-30T14:14:18.423+0300	ERROR	error during creating file requests e:\demo\s3\kubemq-sources.log, open e:\demo\s3\kubemq-sources.log: The system cannot find the file specified.	{"source": "source-1"}
2021-05-30T14:14:19.438+0300	ERROR	error during creating file requests e:\demo\s3\kubemq-sources.log, open e:\demo\s3\kubemq-sources.log: The system cannot find the file specified.	{"source": "source-1"}
2021-05-30T14:14:20.448+0300	ERROR	error during creating file requests e:\demo\s3\kubemq-sources.log, open e:\demo\s3\kubemq-sources.log: The system cannot find the file specified.	{"source": "source-1"}
2021-05-30T14:14:21.455+0300	ERROR	error during creating file requests e:\demo\s3\kubemq-sources.log, open e:\demo\s3\kubemq-sources.log: The system cannot find the file specified.	{"source": "source-1"}
2021-05-30T14:14:22.458+0300	ERROR	error during creating file requests e:\demo\s3\kubemq-sources.log, open e:\demo\s3\kubemq-sources.log: The system cannot find the file specified.	{"source": "source-1"}
2021-05-30T14:14:23.469+0300	ERROR	error during creating file requests e:\demo\s3\kubemq-sources.log, open e:\demo\s3\kubemq-sources.log: The system cannot find the file specified.	{"source": "source-1"}
2021-05-30T14:14:24.471+0300	ERROR	error during creating file requests e:\demo\s3\kubemq-sources.log, open e:\demo\s3\kubemq-sources.log: The system cannot find the file specified.	{"source": "source-1"}
2021-05-30T14:14:25.484+0300	ERROR	error during creating file requests e:\demo\s3\kubemq-sources.log, open e:\demo\s3\kubemq-sources.log: The system cannot find the file specified.	{"source": "source-1"}
2021-05-30T14:14:26.487+0300	ERROR	error during creating file requests e:\demo\s3\kubemq-sources.log, open e:\demo\s3\kubemq-sources.log: The system cannot find the file specified.	{"source": "source-1"}
2021-05-30T14:14:27.492+0300	ERROR	error during creating file requests e:\demo\s3\kubemq-sources.log, open e:\demo\s3\kubemq-sources.log: The system cannot find the file specified.	{"source": "source-1"}
2021-05-30T14:14:28.494+0300	ERROR	error during creating file requests e:\demo\s3\kubemq-sources.log, open e:\demo\s3\kubemq-sources.log: The system cannot find the file specified.	{"source": "source-1"}
2021-05-30T14:14:29.509+0300	ERROR	error during creating file requests e:\demo\s3\kubemq-sources.log, open e:\demo\s3\kubemq-sources.log: The system cannot find the file specified.	{"source": "source-1"}
2021-05-30T14:14:30.521+0300	ERROR	error during creating file requests e:\demo\s3\kubemq-sources.log, open e:\demo\s3\kubemq-sources.log: The system cannot find the file specified.	{"source": "source-1"}
2021-05-30T14:14:31.534+0300	ERROR	error during creating file requests e:\demo\s3\kubemq-sources.log, open e:\demo\s3\kubemq-sources.log: The system cannot find the file specified.	{"source": "source-1"}
2021-05-30T14:14:32.538+0300	ERROR	error during creating file requests e:\demo\s3\kubemq-sources.log, open e:\demo\s3\kubemq-sources.log: The system cannot find the file specified.	{"source": "source-1"}
2021-05-30T14:14:33.550+0300	ERROR	error during creating file requests e:\demo\s3\kubemq-sources.log, open e:\demo\s3\kubemq-sources.log: The system cannot find the file specified.	{"source": "source-1"}
2021-05-30T14:14:34.565+0300	ERROR	error during creating file requests e:\demo\s3\kubemq-sources.log, open e:\demo\s3\kubemq-sources.log: The system cannot find the file specified.	{"source": "source-1"}
2021-05-30T14:14:35.565+0300	ERROR	error during creating file requests e:\demo\s3\kubemq-sources.log, open e:\demo\s3\kubemq-sources.log: The system cannot find the file specified.	{"source": "source-1"}
2021-05-30T14:14:36.571+0300	ERROR	error during creating file requests e:\demo\s3\kubemq-sources.log, open e:\demo\s3\kubemq-sources.log: The system cannot find the file specified.	{"source": "source-1"}
2021-05-30T14:14:37.581+0300	ERROR	error during creating file requests e:\demo\s3\kubemq-sources.log, open e:\demo\s3\kubemq-sources.log: The system cannot find the file specified.	{"source": "source-1"}
2021-05-30T14:14:38.589+0300	ERROR	error during creating file requests e:\demo\s3\kubemq-sources.log, open e:\demo\s3\kubemq-sources.log: The system cannot find the file specified.	{"source": "source-1"}
2021-05-30T14:14:39.594+0300	ERROR	error during creating file requests e:\demo\s3\kubemq-sources.log, open e:\demo\s3\kubemq-sources.log: The system cannot find the file specified.	{"source": "source-1"}
2021-05-30T14:14:40.609+0300	ERROR	error during creating file requests e:\demo\s3\kubemq-sources.log, open e:\demo\s3\kubemq-sources.log: The system cannot find the file specified.	{"source": "source-1"}
2021-05-30T14:14:41.623+0300	ERROR	error during creating file requests e:\demo\s3\kubemq-sources.log, open e:\demo\s3\kubemq-sources.log: The system cannot find the file specified.	{"source": "source-1"}
2021-05-30T14:14:42.639+0300	ERROR	error during creating file requests e:\demo\s3\kubemq-sources.log, open e:\demo\s3\kubemq-sources.log: The system cannot find the file specified.	{"source": "source-1"}
2021-05-30T14:14:43.654+0300	ERROR	error during creating file requests e:\demo\s3\kubemq-sources.log, open e:\demo\s3\kubemq-sources.log: The system cannot find the file specified.	{"source": "source-1"}
2021-05-30T14:14:44.662+0300	ERROR	error during creating file requests e:\demo\s3\kubemq-sources.log, open e:\demo\s3\kubemq-sources.log: The system cannot find the file specified.	{"source": "source-1"}
2021-05-30T14:14:45.676+0300	ERROR	error during creating file requests e:\demo\s3\kubemq-sources.log, open e:\demo\s3\kubemq-sources.log: The system cannot find the file specified.	{"source": "source-1"}
2021-05-30T14:14:46.690+0300	ERROR	error during creating file requests e:\demo\s3\kubemq-sources.log, open e:\demo\s3\kubemq-sources.log: The system cannot find the file specified.	{"source": "source-1"}
2021-05-30T14:14:47.691+0300	ERROR	error during creating file requests e:\demo\s3\kubemq-sources.log, open e:\demo\s3\kubemq-sources.log: The system cannot find the file specified.	{"source": "source-1"}
2021-05-30T14:14:48.702+0300	ERROR	error during creating file requests e:\demo\s3\kubemq-sources.log, open e:\demo\s3\kubemq-sources.log: The system cannot find the file specified.	{"source": "source-1"}
2021-05-30T14:14:49.703+0300	ERROR	error during creating file requests e:\demo\s3\kubemq-sources.log, open e:\demo\s3\kubemq-sources.log: The system cannot find the file specified.	{"source": "source-1"}
2021-05-30T14:14:50.718+0300	ERROR	error during creating file requests e:\demo\s3\kubemq-sources.log, open e:\demo\s3\kubemq-sources.log: The system cannot find the file specified.	{"source": "source-1"}
2021-05-30T14:14:51.730+0300	ERROR	error during creating file requests e:\demo\s3\kubemq-sources.log, open e:\demo\s3\kubemq-sources.log: The system cannot find the file specified.	{"source": "source-1"}
2021-05-30T14:14:52.744+0300	ERROR	error during creating file requests e:\demo\s3\kubemq-sources.log, open e:\demo\s3\kubemq-sources.log: The system cannot find the file specified.	{"source": "source-1"}
2021-05-30T14:14:53.748+0300	ERROR	error during creating file requests e:\demo\s3\kubemq-sources.log, open e:\demo\s3\kubemq-sources.log: The system cannot find the file specified.	{"source": "source-1"}
2021-05-30T14:14:54.762+0300	ERROR	error during creating file requests e:\demo\s3\kubemq-sources.log, open e:\demo\s3\kubemq-sources.log: The system cannot find the file specified.	{"source": "source-1"}
2021-05-30T14:14:55.776+0300	ERROR	error during creating file requests e:\demo\s3\kubemq-sources.log, open e:\demo\s3\kubemq-sources.log: The system cannot find the file specified.	{"source": "source-1"}
2021-05-30T14:14:56.776+0300	ERROR	error during creating file requests e:\demo\s3\kubemq-sources.log, open e:\demo\s3\kubemq-sources.log: The system cannot find the file specified.	{"source": "source-1"}
2021-05-30T14:14:57.791+0300	ERROR	error during creating file requests e:\demo\s3\kubemq-sources.log, open e:\demo\s3\kubemq-sources.log: The system cannot find the file specified.	{"source": "source-1"}
2021-05-30T14:14:58.806+0300	ERROR	error during creating file requests e:\demo\s3\kubemq-sources.log, open e:\demo\s3\kubemq-sources.log: The system cannot find the file specified.	{"source": "source-1"}
2021-05-30T14:14:59.806+0300	ERROR	error during creating file requests e:\demo\s3\kubemq-sources.log, open e:\demo\s3\kubemq-sources.log: The system cannot find the file specified.	{"source": "source-1"}
2021-05-30T14:15:00.809+0300	ERROR	error during creating file requests e:\demo\s3\kubemq-sources.log, open e:\demo\s3\kubemq-sources.log: The system cannot find the file specified.	{"source": "source-1"}
2021-05-30T14:15:01.822+0300	ERROR	error during creating file requests e:\demo\s3\kubemq-sources.log, open e:\demo\s3\kubemq-sources.log: The system cannot find the file specified.	{"source": "source-1"}
2021-05-30T14:15:02.833+0300	ERROR	error during creating file requests e:\demo\s3\kubemq-sources.log, open e:\demo\s3\kubemq-sources.log: The system cannot find the file specified.	{"source": "source-1"}
2021-05-30T14:15:03.837+0300	ERROR	error during creating file requests e:\demo\s3\kubemq-sources.log, open e:\demo\s3\kubemq-sources.log: The system cannot find the file specified.	{"source": "source-1"}
2021-05-30T14:15:04.841+0300	ERROR	error during creating file requests e:\demo\s3\kubemq-sources.log, open e:\demo\s3\kubemq-sources.log: The system cannot find the file specified.	{"source": "source-1"}
2021-05-30T14:15:05.854+0300	ERROR	error during creating file requests e:\demo\s3\kubemq-sources.log, open e:\demo\s3\kubemq-sources.log: The system cannot find the file specified.	{"source": "source-1"}
2021-05-30T14:15:06.867+0300	ERROR	error during creating file requests e:\demo\s3\kubemq-sources.log, open e:\demo\s3\kubemq-sources.log: The system cannot find the file specified.	{"source": "source-1"}
2021-05-30T14:15:07.868+0300	ERROR	error during creating file requests e:\demo\s3\kubemq-sources.log, open e:\demo\s3\kubemq-sources.log: The system cannot find the file specified.	{"source": "source-1"}
2021-05-30T14:15:08.872+0300	ERROR	error during creating file requests e:\demo\s3\kubemq-sources.log, open e:\demo\s3\kubemq-sources.log: The system cannot find the file specified.	{"source": "source-1"}
2021-05-30T14:15:09.886+0300	ERROR	error during creating file requests e:\demo\s3\kubemq-sources.log, open e:\demo\s3\kubemq-sources.log: The system cannot find the file specified.	{"source": "source-1"}
2021-05-30T14:15:10.895+0300	ERROR	error during creating file requests e:\demo\s3\kubemq-sources.log, open e:\demo\s3\kubemq-sources.log: The system cannot find the file specified.	{"source": "source-1"}
2021-05-30T14:15:11.911+0300	ERROR	error during creating file requests e:\demo\s3\kubemq-sources.log, open e:\demo\s3\kubemq-sources.log: The system cannot find the file specified.	{"source": "source-1"}
2021-05-30T14:15:12.924+0300	ERROR	error during creating file requests e:\demo\s3\kubemq-sources.log, open e:\demo\s3\kubemq-sources.log: The system cannot find the file specified.	{"source": "source-1"}
2021-05-30T14:15:13.927+0300	ERROR	error during creating file requests e:\demo\s3\kubemq-sources.log, open e:\demo\s3\kubemq-sources.log: The system cannot find the file specified.	{"source": "source-1"}
2021-05-30T14:15:14.927+0300	ERROR	error during creating file requests e:\demo\s3\kubemq-sources.log, open e:\demo\s3\kubemq-sources.log: The system cannot find the file specified.	{"source": "source-1"}
2021-05-30T14:15:15.938+0300	ERROR	error during creating file requests e:\demo\s3\kubemq-sources.log, open e:\demo\s3\kubemq-sources.log: The system cannot find the file specified.	{"source": "source-1"}
2021-05-30T14:15:16.939+0300	ERROR	error during creating file requests e:\demo\s3\kubemq-sources.log, open e:\demo\s3\kubemq-sources.log: The system cannot find the file specified.	{"source": "source-1"}
2021-05-30T14:15:17.941+0300	ERROR	error during creating file requests e:\demo\s3\kubemq-sources.log, open e:\demo\s3\kubemq-sources.log: The system cannot find the file specified.	{"source": "source-1"}
2021-05-30T14:15:18.955+0300	ERROR	error during creating file requests e:\demo\s3\kubemq-sources.log, open e:\demo\s3\kubemq-sources.log: The system cannot find the file specified.	{"source": "source-1"}
2021-05-30T14:15:19.965+0300	ERROR	error during creating file requests e:\demo\s3\kubemq-sources.log, open e:\demo\s3\kubemq-sources.log: The system cannot find the file specified.	{"source": "source-1"}
2021-05-30T14:15:20.973+0300	ERROR	error during creating file requests e:\demo\s3\kubemq-sources.log, open e:\demo\s3\kubemq-sources.log: The system cannot find the file specified.	{"source": "source-1"}
2021-05-30T14:15:21.974+0300	ERROR	error during creating file requests e:\demo\s3\kubemq-sources.log, open e:\demo\s3\kubemq-sources.log: The system cannot find the file specified.	{"source": "source-1"}
2021-05-30T14:15:22.984+0300	ERROR	error during creating file requests e:\demo\s3\kubemq-sources.log, open e:\demo\s3\kubemq-sources.log: The system cannot find the file specified.	{"source": "source-1"}
2021-05-30T14:15:23.987+0300	ERROR	error during creating file requests e:\demo\s3\kubemq-sources.log, open e:\demo\s3\kubemq-sources.log: The system cannot find the file specified.	{"source": "source-1"}
2021-05-30T14:15:24.995+0300	ERROR	error during creating file requests e:\demo\s3\kubemq-sources.log, open e:\demo\s3\kubemq-sources.log: The system cannot find the file specified.	{"source": "source-1"}
2021-05-30T14:15:26.005+0300	ERROR	error during creating file requests e:\demo\s3\kubemq-sources.log, open e:\demo\s3\kubemq-sources.log: The system cannot find the file specified.	{"source": "source-1"}
2021-05-30T14:15:27.017+0300	ERROR	error during creating file requests e:\demo\s3\kubemq-sources.log, open e:\demo\s3\kubemq-sources.log: The system cannot find the file specified.	{"source": "source-1"}
2021-05-30T14:15:28.027+0300	ERROR	error during creating file requests e:\demo\s3\kubemq-sources.log, open e:\demo\s3\kubemq-sources.log: The system cannot find the file specified.	{"source": "source-1"}
2021-05-30T14:15:29.042+0300	ERROR	error during creating file requests e:\demo\s3\kubemq-sources.log, open e:\demo\s3\kubemq-sources.log: The system cannot find the file specified.	{"source": "source-1"}
2021-05-30T14:15:30.053+0300	ERROR	error during creating file requests e:\demo\s3\kubemq-sources.log, open e:\demo\s3\kubemq-sources.log: The system cannot find the file specified.	{"source": "source-1"}
2021-05-30T14:15:30.669+0300	INFO	kubemq sources connectors stopped	{"source": "main"}
2021-05-30T14:15:30.752+0300	INFO	starting kubemq sources connectors as a service version: v0.7.0	{"source": "main"}
2021-05-30T14:15:30.766+0300	INFO	1 bindings loaded	{"source": "config"}
2021-05-30T14:15:30.767+0300	INFO	binding: source-1 target: initialized successfully	{"source": "source-1"}
2021-05-30T14:15:30.769+0300	INFO	binding: source-1 source initialized successfully	{"source": "source-1"}
2021-05-30T14:15:30.769+0300	INFO	binding: source-1, initialized successfully	{"source": "source-1"}
2021-05-30T14:15:30.769+0300	INFO	binding: source-1, started successfully	{"source": "source-1"}
2021-05-30T14:15:30.752+0300	INFO	service command restart completed	{"source": "main"}
2021-05-30T14:30:42.602+0300	INFO	1 bindings loaded	{"source": "config"}
2021-05-30T14:30:42.602+0300	INFO	config file changed, reloading...	{"source": "config"}
2021-05-30T14:30:42.603+0300	INFO	binding: source-1, stopped successfully	{"source": "source-1"}
2021-05-30T14:30:42.603+0300	INFO	binding: source-1 target: initialized successfully	{"source": "source-1"}
2021-05-30T14:30:42.603+0300	INFO	binding: source-1 source initialized successfully	{"source": "source-1"}
2021-05-30T14:30:42.603+0300	INFO	binding: source-1, initialized successfully	{"source": "source-1"}
2021-05-30T14:30:42.603+0300	INFO	binding: source-1, started successfully	{"source": "source-1"}
2021-05-30T14:30:42.604+0300	INFO	1 bindings loaded	{"source": "config"}
2021-05-30T14:39:52.000+0300	INFO	service command uninstall completed	{"source": "main"}
2021-05-30T14:43:42.113+0300	INFO	kubemq sources connectors stopped	{"source": "main"}
2021-05-30T15:31:01.259+0300	INFO	generated manifest.json completed	{"source": "kubemq-sources"}
2021-05-30T15:51:27.649+0300	INFO	generated manifest.json completed	{"source": "kubemq-sources"}
2021-05-31T10:17:07.181+0300	INFO	starting kubemq sources connectors version: v1.0.1	{"source": "kubemq-sources"}
2021-05-31T10:17:07.207+0300	INFO	3 bindings loaded	{"source": "config"}
2021-05-31T10:17:07.213+0300	INFO	binding: api-redis target: initialized successfully	{"source": "api-redis"}
2021-05-31T10:17:07.213+0300	INFO	binding: api-elastic target: initialized successfully	{"source": "api-elastic"}
2021-05-31T10:17:07.213+0300	INFO	binding: api-postgres target: initialized successfully	{"source": "api-postgres"}
2021-05-31T10:17:07.213+0300	INFO	binding: api-redis source initialized successfully	{"source": "api-redis"}
2021-05-31T10:17:07.213+0300	INFO	binding: api-elastic source initialized successfully	{"source": "api-elastic"}
2021-05-31T10:17:07.213+0300	INFO	binding: api-elastic, initialized successfully	{"source": "api-elastic"}
2021-05-31T10:17:07.213+0300	INFO	binding: api-elastic, started successfully	{"source": "api-elastic"}
2021-05-31T10:17:07.213+0300	INFO	binding: api-postgres source initialized successfully	{"source": "api-postgres"}
2021-05-31T10:17:07.213+0300	INFO	binding: api-redis, initialized successfully	{"source": "api-redis"}
2021-05-31T10:17:07.214+0300	INFO	binding: api-postgres, initialized successfully	{"source": "api-postgres"}
2021-05-31T10:17:07.214+0300	INFO	binding: api-postgres, started successfully	{"source": "api-postgres"}
2021-05-31T10:17:07.214+0300	INFO	binding: api-redis, started successfully	{"source": "api-redis"}
2021-05-31T10:18:27.482+0300	INFO	3 bindings loaded	{"source": "config"}
2021-05-31T10:18:27.483+0300	INFO	config file changed, reloading...	{"source": "config"}
2021-05-31T10:18:27.483+0300	INFO	binding: api-redis, stopped successfully	{"source": "api-redis"}
2021-05-31T10:18:27.483+0300	ERROR	rpc error: code = Canceled desc = grpc: the client connection is closing	{"source": "binding-service"}
2021-05-31T10:18:27.483+0300	ERROR	rpc error: code = Canceled desc = grpc: the client connection is closing	{"source": "binding-service"}
2021-05-31T10:18:27.484+0300	INFO	binding: api-elastic target: initialized successfully	{"source": "api-elastic"}
2021-05-31T10:18:27.484+0300	INFO	binding: api-postgres target: initialized successfully	{"source": "api-postgres"}
2021-05-31T10:18:27.484+0300	INFO	binding: api-redis target: initialized successfully	{"source": "api-redis"}
2021-05-31T10:18:27.484+0300	INFO	binding: api-elastic source initialized successfully	{"source": "api-elastic"}
2021-05-31T10:18:27.484+0300	INFO	binding: api-postgres source initialized successfully	{"source": "api-postgres"}
2021-05-31T10:18:27.485+0300	INFO	binding: api-redis source initialized successfully	{"source": "api-redis"}
2021-05-31T10:18:27.485+0300	INFO	binding: api-elastic, initialized successfully	{"source": "api-elastic"}
2021-05-31T10:18:27.485+0300	INFO	binding: api-elastic, started successfully	{"source": "api-elastic"}
2021-05-31T10:18:27.485+0300	INFO	binding: api-postgres, initialized successfully	{"source": "api-postgres"}
2021-05-31T10:18:27.485+0300	INFO	binding: api-postgres, started successfully	{"source": "api-postgres"}
2021-05-31T10:18:27.485+0300	INFO	3 bindings loaded	{"source": "config"}
2021-05-31T10:18:27.485+0300	INFO	binding: api-redis, initialized successfully	{"source": "api-redis"}
2021-05-31T10:18:27.486+0300	INFO	binding: api-redis, started successfully	{"source": "api-redis"}
2021-05-31T10:18:57.171+0300	INFO	kubemq sources connectors stopped	{"source": "kubemq-sources"}
2021-05-31T10:18:59.393+0300	INFO	starting kubemq sources connectors version: v1.0.1	{"source": "kubemq-sources"}
2021-05-31T10:18:59.408+0300	INFO	3 bindings loaded	{"source": "config"}
2021-05-31T10:18:59.410+0300	INFO	binding: api-postgres target: initialized successfully	{"source": "api-postgres"}
2021-05-31T10:18:59.410+0300	INFO	binding: api-redis target: initialized successfully	{"source": "api-redis"}
2021-05-31T10:18:59.410+0300	INFO	binding: api-postgres source initialized successfully	{"source": "api-postgres"}
2021-05-31T10:18:59.410+0300	INFO	binding: api-elastic target: initialized successfully	{"source": "api-elastic"}
2021-05-31T10:18:59.410+0300	INFO	binding: api-redis source initialized successfully	{"source": "api-redis"}
2021-05-31T10:18:59.410+0300	INFO	binding: api-postgres, initialized successfully	{"source": "api-postgres"}
2021-05-31T10:18:59.411+0300	INFO	binding: api-elastic source initialized successfully	{"source": "api-elastic"}
2021-05-31T10:18:59.412+0300	INFO	binding: api-redis, initialized successfully	{"source": "api-redis"}
2021-05-31T10:18:59.412+0300	INFO	binding: api-redis, started successfully	{"source": "api-redis"}
2021-05-31T10:18:59.412+0300	INFO	binding: api-postgres, started successfully	{"source": "api-postgres"}
2021-05-31T10:18:59.412+0300	INFO	binding: api-elastic, initialized successfully	{"source": "api-elastic"}
2021-05-31T10:18:59.413+0300	INFO	binding: api-elastic, started successfully	{"source": "api-elastic"}
2021-05-31T10:19:09.232+0300	INFO	3 bindings loaded	{"source": "config"}
2021-05-31T10:19:09.233+0300	INFO	config file changed, reloading...	{"source": "config"}
2021-05-31T10:19:09.233+0300	INFO	binding: api-redis, stopped successfully	{"source": "api-redis"}
2021-05-31T10:19:09.233+0300	ERROR	rpc error: code = Canceled desc = grpc: the client connection is closing	{"source": "binding-service"}
2021-05-31T10:19:09.233+0300	ERROR	rpc error: code = Canceled desc = grpc: the client connection is closing	{"source": "binding-service"}
2021-05-31T10:19:09.234+0300	INFO	binding: api-elastic target: initialized successfully	{"source": "api-elastic"}
2021-05-31T10:19:09.235+0300	INFO	binding: api-elastic source initialized successfully	{"source": "api-elastic"}
2021-05-31T10:19:09.235+0300	INFO	binding: api-elastic, initialized successfully	{"source": "api-elastic"}
2021-05-31T10:19:09.234+0300	INFO	binding: api-postgres target: initialized successfully	{"source": "api-postgres"}
2021-05-31T10:19:09.234+0300	INFO	binding: api-redis target: initialized successfully	{"source": "api-redis"}
2021-05-31T10:19:09.235+0300	INFO	3 bindings loaded	{"source": "config"}
2021-05-31T10:19:09.235+0300	INFO	binding: api-elastic, started successfully	{"source": "api-elastic"}
2021-05-31T10:19:09.235+0300	INFO	binding: api-postgres source initialized successfully	{"source": "api-postgres"}
2021-05-31T10:19:09.238+0300	INFO	binding: api-postgres, initialized successfully	{"source": "api-postgres"}
2021-05-31T10:19:09.236+0300	INFO	binding: api-redis source initialized successfully	{"source": "api-redis"}
2021-05-31T10:19:09.239+0300	INFO	binding: api-postgres, started successfully	{"source": "api-postgres"}
2021-05-31T10:19:09.239+0300	INFO	binding: api-redis, initialized successfully	{"source": "api-redis"}
2021-05-31T10:19:09.240+0300	INFO	binding: api-redis, started successfully	{"source": "api-redis"}
2021-05-31T10:19:44.570+0300	INFO	kubemq sources connectors stopped	{"source": "kubemq-sources"}
2021-05-31T10:21:31.288+0300	INFO	starting kubemq sources connectors version: v1.0.1	{"source": "kubemq-sources"}
2021-05-31T10:21:31.303+0300	INFO	3 bindings loaded	{"source": "config"}
2021-05-31T10:21:31.304+0300	INFO	binding: api-elastic target: initialized successfully	{"source": "api-elastic"}
2021-05-31T10:21:31.304+0300	INFO	binding: api-postgres target: initialized successfully	{"source": "api-postgres"}
2021-05-31T10:21:31.304+0300	INFO	binding: api-redis target: initialized successfully	{"source": "api-redis"}
2021-05-31T10:21:31.305+0300	INFO	binding: api-redis source initialized successfully	{"source": "api-redis"}
2021-05-31T10:21:31.305+0300	INFO	binding: api-redis, initialized successfully	{"source": "api-redis"}
2021-05-31T10:21:31.305+0300	INFO	binding: api-redis, started successfully	{"source": "api-redis"}
2021-05-31T10:21:31.304+0300	INFO	binding: api-elastic source initialized successfully	{"source": "api-elastic"}
2021-05-31T10:21:31.305+0300	INFO	binding: api-elastic, initialized successfully	{"source": "api-elastic"}
2021-05-31T10:21:31.305+0300	INFO	binding: api-elastic, started successfully	{"source": "api-elastic"}
2021-05-31T10:21:31.304+0300	INFO	binding: api-postgres source initialized successfully	{"source": "api-postgres"}
2021-05-31T10:21:31.305+0300	INFO	binding: api-postgres, initialized successfully	{"source": "api-postgres"}
2021-05-31T10:21:31.306+0300	INFO	binding: api-postgres, started successfully	{"source": "api-postgres"}
2021-05-31T10:21:50.633+0300	INFO	kubemq sources connectors stopped	{"source": "kubemq-sources"}
2021-05-31T10:23:07.449+0300	INFO	starting kubemq sources connectors version: v1.0.1	{"source": "kubemq-sources"}
2021-05-31T10:23:07.466+0300	INFO	3 bindings loaded	{"source": "config"}
2021-05-31T10:23:07.467+0300	INFO	binding: api-postgres target: initialized successfully	{"source": "api-postgres"}
2021-05-31T10:23:07.468+0300	INFO	binding: api-postgres source initialized successfully	{"source": "api-postgres"}
2021-05-31T10:23:07.468+0300	INFO	binding: api-postgres, initialized successfully	{"source": "api-postgres"}
2021-05-31T10:23:07.468+0300	INFO	binding: api-elastic target: initialized successfully	{"source": "api-elastic"}
2021-05-31T10:23:07.468+0300	INFO	binding: api-redis target: initialized successfully	{"source": "api-redis"}
2021-05-31T10:23:07.468+0300	INFO	binding: api-postgres, started successfully	{"source": "api-postgres"}
2021-05-31T10:23:07.469+0300	INFO	binding: api-elastic source initialized successfully	{"source": "api-elastic"}
2021-05-31T10:23:07.469+0300	INFO	binding: api-redis source initialized successfully	{"source": "api-redis"}
2021-05-31T10:23:07.469+0300	INFO	binding: api-elastic, initialized successfully	{"source": "api-elastic"}
2021-05-31T10:23:07.470+0300	INFO	binding: api-elastic, started successfully	{"source": "api-elastic"}
2021-05-31T10:23:07.469+0300	INFO	binding: api-redis, initialized successfully	{"source": "api-redis"}
2021-05-31T10:23:07.470+0300	INFO	binding: api-redis, started successfully	{"source": "api-redis"}
2021-05-31T10:23:49.799+0300	INFO	kubemq sources connectors stopped	{"source": "kubemq-sources"}
2021-05-31T10:24:10.809+0300	INFO	starting kubemq sources connectors version: 	{"source": "kubemq-sources"}
2021-05-31T10:24:10.824+0300	INFO	3 bindings loaded	{"source": "config"}
2021-05-31T10:24:10.826+0300	INFO	binding: api-elastic target: initialized successfully	{"source": "api-elastic"}
2021-05-31T10:24:10.826+0300	INFO	binding: api-postgres target: initialized successfully	{"source": "api-postgres"}
2021-05-31T10:24:10.827+0300	INFO	binding: api-redis target: initialized successfully	{"source": "api-redis"}
2021-05-31T10:24:10.827+0300	INFO	binding: api-elastic source initialized successfully	{"source": "api-elastic"}
2021-05-31T10:24:10.827+0300	INFO	binding: api-postgres source initialized successfully	{"source": "api-postgres"}
2021-05-31T10:24:10.827+0300	INFO	binding: api-redis source initialized successfully	{"source": "api-redis"}
2021-05-31T10:24:10.828+0300	INFO	binding: api-redis, initialized successfully	{"source": "api-redis"}
2021-05-31T10:24:10.828+0300	INFO	binding: api-redis, started successfully	{"source": "api-redis"}
2021-05-31T10:24:10.827+0300	INFO	binding: api-elastic, initialized successfully	{"source": "api-elastic"}
2021-05-31T10:24:10.828+0300	INFO	binding: api-elastic, started successfully	{"source": "api-elastic"}
2021-05-31T10:24:10.828+0300	INFO	binding: api-postgres, initialized successfully	{"source": "api-postgres"}
2021-05-31T10:24:10.829+0300	INFO	binding: api-postgres, started successfully	{"source": "api-postgres"}
2021-05-31T10:24:16.607+0300	INFO	kubemq sources connectors stopped	{"source": "kubemq-sources"}
2021-05-31T10:24:24.914+0300	INFO	starting kubemq sources connectors version: 	{"source": "kubemq-sources"}
2021-05-31T10:24:24.930+0300	INFO	3 bindings loaded	{"source": "config"}
2021-05-31T10:24:24.930+0300	INFO	binding: api-elastic target: initialized successfully	{"source": "api-elastic"}
2021-05-31T10:24:24.930+0300	INFO	binding: api-postgres target: initialized successfully	{"source": "api-postgres"}
2021-05-31T10:24:24.930+0300	INFO	binding: api-redis target: initialized successfully	{"source": "api-redis"}
2021-05-31T10:24:24.931+0300	INFO	binding: api-elastic source initialized successfully	{"source": "api-elastic"}
2021-05-31T10:24:24.931+0300	INFO	binding: api-elastic, initialized successfully	{"source": "api-elastic"}
2021-05-31T10:24:24.932+0300	INFO	binding: api-elastic, started successfully	{"source": "api-elastic"}
2021-05-31T10:24:24.931+0300	INFO	binding: api-postgres source initialized successfully	{"source": "api-postgres"}
2021-05-31T10:24:24.931+0300	INFO	binding: api-redis source initialized successfully	{"source": "api-redis"}
2021-05-31T10:24:24.933+0300	INFO	binding: api-redis, initialized successfully	{"source": "api-redis"}
2021-05-31T10:24:24.933+0300	INFO	binding: api-redis, started successfully	{"source": "api-redis"}
2021-05-31T10:24:24.933+0300	INFO	binding: api-postgres, initialized successfully	{"source": "api-postgres"}
2021-05-31T10:24:24.933+0300	INFO	binding: api-postgres, started successfully	{"source": "api-postgres"}
2021-05-31T10:24:45.646+0300	INFO	kubemq sources connectors stopped	{"source": "kubemq-sources"}
2021-05-31T10:25:14.550+0300	INFO	starting kubemq sources connectors version: 	{"source": "kubemq-sources"}
2021-05-31T10:25:14.566+0300	INFO	3 bindings loaded	{"source": "config"}
2021-05-31T10:25:14.568+0300	INFO	binding: api-redis target: initialized successfully	{"source": "api-redis"}
2021-05-31T10:25:14.568+0300	INFO	binding: api-postgres target: initialized successfully	{"source": "api-postgres"}
2021-05-31T10:25:14.569+0300	INFO	binding: api-postgres source initialized successfully	{"source": "api-postgres"}
2021-05-31T10:25:14.569+0300	INFO	binding: api-elastic target: initialized successfully	{"source": "api-elastic"}
2021-05-31T10:25:14.569+0300	INFO	binding: api-redis source initialized successfully	{"source": "api-redis"}
2021-05-31T10:25:14.570+0300	INFO	binding: api-redis, initialized successfully	{"source": "api-redis"}
2021-05-31T10:25:14.570+0300	INFO	binding: api-redis, started successfully	{"source": "api-redis"}
2021-05-31T10:25:14.570+0300	INFO	binding: api-postgres, initialized successfully	{"source": "api-postgres"}
2021-05-31T10:25:14.570+0300	INFO	binding: api-postgres, started successfully	{"source": "api-postgres"}
2021-05-31T10:25:14.570+0300	INFO	binding: api-elastic source initialized successfully	{"source": "api-elastic"}
2021-05-31T10:25:14.571+0300	INFO	binding: api-elastic, initialized successfully	{"source": "api-elastic"}
2021-05-31T10:25:14.571+0300	INFO	binding: api-elastic, started successfully	{"source": "api-elastic"}
2021-05-31T10:28:28.259+0300	INFO	kubemq sources connectors stopped	{"source": "kubemq-sources"}
2021-05-31T10:28:35.998+0300	INFO	starting kubemq sources connectors version: 	{"source": "kubemq-sources"}
2021-05-31T10:28:36.014+0300	INFO	3 bindings loaded	{"source": "config"}
2021-05-31T10:28:36.016+0300	INFO	binding: api-postgres target: initialized successfully	{"source": "api-postgres"}
2021-05-31T10:28:36.016+0300	INFO	binding: api-elastic target: initialized successfully	{"source": "api-elastic"}
2021-05-31T10:28:36.016+0300	INFO	binding: api-redis target: initialized successfully	{"source": "api-redis"}
2021-05-31T10:28:36.016+0300	INFO	binding: api-postgres, source: , initialized successfully	{"source": "api-postgres"}
2021-05-31T10:28:36.016+0300	INFO	binding: api-elastic, source: , initialized successfully	{"source": "api-elastic"}
2021-05-31T10:28:36.017+0300	INFO	binding: api-elastic, initialized successfully	{"source": "api-elastic"}
2021-05-31T10:28:36.016+0300	INFO	binding: api-redis, source: , initialized successfully	{"source": "api-redis"}
2021-05-31T10:28:36.017+0300	INFO	binding: api-postgres, initialized successfully	{"source": "api-postgres"}
2021-05-31T10:28:36.017+0300	INFO	binding: api-postgres, started successfully	{"source": "api-postgres"}
2021-05-31T10:28:36.017+0300	INFO	binding: api-elastic, started successfully	{"source": "api-elastic"}
2021-05-31T10:28:36.017+0300	INFO	binding: api-redis, initialized successfully	{"source": "api-redis"}
2021-05-31T10:28:36.018+0300	INFO	binding: api-redis, started successfully	{"source": "api-redis"}
2021-05-31T10:28:40.945+0300	INFO	request: {"metadata":"POST /postgres HTTP/1.1\r\nHost: localhost:8083\r\nAccept: */*\r\nAccept-Encoding: gzip, deflate, br\r\nCache-Control: no-cache\r\nConnection: keep-alive\r\nContent-Length: 534\r\nContent-Type: text/plain\r\nPostman-Token: d64e9474-a1b8-4263-9462-bce9fdd2da7d\r\nUser-Agent: PostmanRuntime/7.26.8\r\n\r\n","data":"ew0KICAibWV0YWRhdGEiOiB7DQogICAgIm1ldGhvZCI6ICJ0cmFuc2FjdGlvbiINCiAgfSwNCiAgImRhdGEiOiAiQ1VSU1QxQWdWRUZDVEVVZ1NVWWdSVmhKVTFSVElIQnZjM1E3Q2drZ0lDQWdJQ0FnUTFKRlFWUkZJRlJCUWt4RklIQnZjM1FnS0FvSklDQWdJQ0FnSUNBZ1NVUWdjMlZ5YVdGc0xBb0pJQ0FnSUNBZ0lDQWdWRWxVVEVVZ2RtRnlZMmhoY2lnME1Da3NDZ2tnSUNBZ0lDQWdJQ0JEVDA1VVJVNVVJSFpoY21Ob1lYSW9NalUxS1N3S0NTQWdJQ0FnSUNBZ0lFTlBUbE5VVWtGSlRsUWdjR3RmY0c5emRDQlFVa2xOUVZKWklFdEZXU2hKUkNrS0NTQWdJQ0FnSUNBcE93b0pJQ0FnSUNBZ0lFbE9VMFZTVkNCSlRsUlBJSEJ2YzNRb1NVUXNWRWxVVEVVc1EwOU9WRVZPVkNrZ1ZrRk1WVVZUQ2drZ0lDQWdJQ0FnSUNBZ0lDQWdJQ0FnSUNBZ0lDQWdJQ2d4TEU1VlRFd3NKME52Ym5SbGJuUWdUMjVsSnlrc0Nna2dJQ0FnSUNBZ0lDQWdJQ0FnSUNBZ0lDQWdJQ0FnSUNneUxDZFVhWFJzWlNCVWQyOG5MQ2REYjI1MFpXNTBJRlIzYnljcE93PT0iDQp9","channel":""}, response: {"metadata":"","data":"eyJtZXRhZGF0YSI6eyJyZXN1bHQiOiJvayJ9LCJkYXRhIjpudWxsLCJpc19lcnJvciI6ZmFsc2UsImVycm9yIjoiIn0=","is_error":false,"error":""}, error:<nil>	{"source": "api-postgres"}
2021-05-31T10:28:48.955+0300	INFO	kubemq sources connectors stopped	{"source": "kubemq-sources"}
2021-05-31T10:29:50.994+0300	INFO	generated manifest.json completed	{"source": "kubemq-sources"}
